<?xml version="1.0" encoding="UTF-8"?>
<!-- Generated by org.testng.reporters.JUnitReportReporter -->
<testsuite hostname="Shiyamala-Panneerselvam" failures="0" tests="1" name="testcases.HomeTest" time="1.626" errors="0" timestamp="2022-03-12T09:28:48 IST" skipped="0">
  <testcase classname="testcases.HomeTest" name="Test1" time="1.626"/>
  <system-out/>
</testsuite> <!-- testcases.HomeTest -->
