<?xml version="1.0" encoding="UTF-8"?>
<!-- Generated by org.testng.reporters.JUnitReportReporter -->
<testsuite hostname="Shiyamala-Panneerselvam" failures="0" tests="4" name="testcases.LoginTest" time="47.914" errors="0" timestamp="2022-03-17T22:05:34 IST" skipped="0">
  <testcase classname="testcases.LoginTest" name="ExternalDataTest" time="12.341"/>
  <system-out/>
  <testcase classname="testcases.LoginTest" name="LoginSuccessTest" time="13.964"/>
  <system-out/>
  <testcase classname="testcases.LoginTest" name="LoginFailiureTest" time="11.360"/>
  <system-out/>
  <testcase classname="testcases.LoginTest" name="ParameterizedTest" time="10.249"/>
  <system-out/>
</testsuite> <!-- testcases.LoginTest -->
