<?xml version="1.0" encoding="UTF-8"?>
<!-- Generated by org.testng.reporters.JUnitReportReporter -->
<testsuite hostname="Shiyamala-Panneerselvam" failures="0" tests="4" name="testcases.LoginTest" time="28.674" errors="0" timestamp="2022-03-15T00:07:08 IST" skipped="0">
  <testcase classname="testcases.LoginTest" name="LoginFailiureTest" time="9.423"/>
  <system-out/>
  <testcase classname="testcases.LoginTest" name="ExternalDataTest" time="6.671"/>
  <system-out/>
  <testcase classname="testcases.LoginTest" name="LoginSuccessTest" time="6.317"/>
  <system-out/>
  <testcase classname="testcases.LoginTest" name="ParameterizedTest" time="6.263"/>
  <system-out/>
</testsuite> <!-- testcases.LoginTest -->
